0 info it worked if it ends with ok
1 verbose cli [ 'C:\\Program Files\\nodejs\\node.exe',
1 verbose cli   'C:\\Program Files\\nodejs\\node_modules\\npm\\bin\\npm-cli.js',
1 verbose cli   'run',
1 verbose cli   'eject' ]
2 info using npm@3.10.8
3 info using node@v6.9.1
4 verbose run-script [ 'preeject', 'eject', 'posteject' ]
5 info lifecycle sartios.github.io@0.1.0~preeject: sartios.github.io@0.1.0
6 silly lifecycle sartios.github.io@0.1.0~preeject: no script for preeject, continuing
7 info lifecycle sartios.github.io@0.1.0~eject: sartios.github.io@0.1.0
8 verbose lifecycle sartios.github.io@0.1.0~eject: unsafe-perm in lifecycle true
9 verbose lifecycle sartios.github.io@0.1.0~eject: PATH: C:\Users\sarti\AppData\Roaming\nvm\v6.9.1\node_modules\npm\bin\node-gyp-bin;C:\srv\git\sartios.github.io\node_modules\.bin;C:\RailsInstaller\Ruby2.3.0\bin;C:\cmd-aliases;C:\Program Files (x86)\Intel\iCLS Client\;C:\Program Files\Intel\iCLS Client\;C:\WINDOWS\system32;C:\WINDOWS;C:\WINDOWS\System32\Wbem;C:\WINDOWS\System32\WindowsPowerShell\v1.0\;C:\Program Files (x86)\Intel\Intel(R) Management Engine Components\DAL;C:\Program Files\Intel\Intel(R) Management Engine Components\DAL;C:\Program Files (x86)\Intel\Intel(R) Management Engine Components\IPT;C:\Program Files\Intel\Intel(R) Management Engine Components\IPT;C:\Program Files\Git\cmd;C:\Program Files\Git\bin;C:\Program Files (x86)\Skype\Phone\;C:\Program Files (x86)\Windows Kits\10\Windows Performance Toolkit\;C:\Users\sarti\AppData\Roaming\nvm;C:\Program Files\nodejs;C:\Program Files\Microsoft SQL Server\Client SDK\ODBC\110\Tools\Binn\;C:\Program Files (x86)\Microsoft SQL Server\120\Tools\Binn\;C:\Program Files\Microsoft SQL Server\120\Tools\Binn\;C:\Program Files (x86)\Microsoft SQL Server\120\DTS\Binn\;C:\Program Files (x86)\Microsoft SQL Server\120\Tools\Binn\ManagementStudio\;C:\Program Files\Microsoft SQL Server\120\DTS\Binn\;C:\Windows\Microsoft.NET\Framework\v4.0.30319;C:\Program Files\Microsoft SQL Server\130\Tools\Binn\;C:\Program Files\dotnet\;c:\Program Files\Microsoft SQL Server\Client SDK\ODBC\110\Tools\Binn\;c:\Program Files (x86)\Microsoft SQL Server\120\Tools\Binn\ManagementStudio\;c:\Program Files (x86)\Microsoft SQL Server\120\Tools\Binn\;c:\Program Files\Microsoft SQL Server\120\Tools\Binn\;c:\Program Files (x86)\Microsoft SQL Server\120\DTS\Binn\;C:\Program Files\Git\cmd;C:\WINDOWS\system32\config\systemprofile\.dnx\bin;C:\Program Files\Microsoft DNX\Dnvm\;C:\Program Files\Microsoft\Web Platform Installer\;C:\\Program Files\\Sublime Text 3;C:\cygwin64\bin;C:\Program Files (x86)\Yarn\bin;C:\Program Files\Intel\WiFi\bin\;C:\Program Files\Common Files\Intel\WirelessCommon\;C:\Users\sarti\AppData\Roaming\nvm;C:\Program Files\nodejs;C:\Users\sarti\AppData\Local\Microsoft\WindowsApps;C:\Users\sarti\AppData\Local\atom\bin;C:\cmd-aliases;C:\Users\sarti\AppData\Local\Yarn\bin;C:\Users\sarti\AppData\Local\Microsoft\WindowsApps;C:\Users\sarti\AppData\Local\GitHubDesktop\bin;C:\Program Files\Microsoft VS Code\bin;
10 verbose lifecycle sartios.github.io@0.1.0~eject: CWD: C:\srv\git\sartios.github.io
11 silly lifecycle sartios.github.io@0.1.0~eject: Args: [ '/d /s /c', 'react-scripts eject' ]
12 silly lifecycle sartios.github.io@0.1.0~eject: Returned: code: 1  signal: null
13 info lifecycle sartios.github.io@0.1.0~eject: Failed to exec eject script
14 verbose stack Error: sartios.github.io@0.1.0 eject: `react-scripts eject`
14 verbose stack Exit status 1
14 verbose stack     at EventEmitter.<anonymous> (C:\Users\sarti\AppData\Roaming\nvm\v6.9.1\node_modules\npm\lib\utils\lifecycle.js:255:16)
14 verbose stack     at emitTwo (events.js:106:13)
14 verbose stack     at EventEmitter.emit (events.js:191:7)
14 verbose stack     at ChildProcess.<anonymous> (C:\Users\sarti\AppData\Roaming\nvm\v6.9.1\node_modules\npm\lib\utils\spawn.js:40:14)
14 verbose stack     at emitTwo (events.js:106:13)
14 verbose stack     at ChildProcess.emit (events.js:191:7)
14 verbose stack     at maybeClose (internal/child_process.js:877:16)
14 verbose stack     at Process.ChildProcess._handle.onexit (internal/child_process.js:226:5)
15 verbose pkgid sartios.github.io@0.1.0
16 verbose cwd C:\srv\git\sartios.github.io
17 error Windows_NT 10.0.16299
18 error argv "C:\\Program Files\\nodejs\\node.exe" "C:\\Program Files\\nodejs\\node_modules\\npm\\bin\\npm-cli.js" "run" "eject"
19 error node v6.9.1
20 error npm  v3.10.8
21 error code ELIFECYCLE
22 error sartios.github.io@0.1.0 eject: `react-scripts eject`
22 error Exit status 1
23 error Failed at the sartios.github.io@0.1.0 eject script 'react-scripts eject'.
23 error Make sure you have the latest version of node.js and npm installed.
23 error If you do, this is most likely a problem with the sartios.github.io package,
23 error not with npm itself.
23 error Tell the author that this fails on your system:
23 error     react-scripts eject
23 error You can get information on how to open an issue for this project with:
23 error     npm bugs sartios.github.io
23 error Or if that isn't available, you can get their info via:
23 error     npm owner ls sartios.github.io
23 error There is likely additional logging output above.
24 verbose exit [ 1, true ]
